2021-01-02 12:53:52 UTC Product Initialized
2021-01-02 12:53:52 UTC Loaded Product Key:
2021-01-02 12:53:52 UTC Loaded SerialNo: 5ff06ce0-c9459110-f069af29
2021-01-02 12:53:52 UTC Product Version: 4.19.0
2021-01-02 12:53:52 UTC Product Revision: 2020120701
2021-01-02 12:53:52 UTC Footer Revision: 2020120701
2021-01-02 12:53:52 UTC Product Date: 2020-12-07
2021-01-02 12:53:52 UTC Version verified:
2021-01-02 12:53:52 UTC Product Original Version: 4.19.0
2021-01-02 12:53:52 UTC Install Type: monolithic
2021-01-02 12:53:52 UTC License Status: ERROR - No license file
2021-01-02 12:56:13 UTC Update Stopped
2021-01-02 12:56:15 UTC Update Check: No product key specified
2021-01-02 13:11:03 UTC Register with Valid Product Key: VY47-5S97-GHJ8-87ER
2021-01-02 13:11:05 UTC Activation: License Data is 2656 bytes
2021-01-02 13:11:05 UTC License Status: Activation OK - User dagimi4527@cocyo.com of Metasploit Pro expires 2021-01-16 00:00:00 UTC
2021-01-02 13:15:10 UTC Product Initialized
2021-01-02 13:15:10 UTC Loaded Product Key: VY47-5S97-GHJ8-87ER
2021-01-02 13:15:10 UTC Loaded SerialNo: 5ff06ce0-c9459110-f069af29
2021-01-02 13:15:10 UTC Product Version: 4.19.0
2021-01-02 13:15:10 UTC Product Revision: 2020120701
2021-01-02 13:15:10 UTC Footer Revision: 2020120701
2021-01-02 13:15:10 UTC Product Date: 2020-12-07
2021-01-02 13:15:10 UTC Version verified:
2021-01-02 13:15:10 UTC Product Original Version: 4.19.0
2021-01-02 13:15:10 UTC Install Type: monolithic
2021-01-02 13:15:10 UTC License Status: OK - User dagimi4527@cocyo.com of Metasploit Pro expires 2021-01-16 00:00:00 UTC (Authorized Users: 3)
2021-01-02 14:02:08 UTC Product Initialized
2021-01-02 14:02:08 UTC Loaded Product Key: VY47-5S97-GHJ8-87ER
2021-01-02 14:02:08 UTC Loaded SerialNo: 5ff06ce0-c9459110-f069af29
2021-01-02 14:02:08 UTC Product Version: 4.19.0
2021-01-02 14:02:08 UTC Product Revision: 2020120701
2021-01-02 14:02:08 UTC Footer Revision: 2020120701
2021-01-02 14:02:08 UTC Product Date: 2020-12-07
2021-01-02 14:02:08 UTC Version verified:
2021-01-02 14:02:08 UTC Product Original Version: 4.19.0
2021-01-02 14:02:08 UTC Install Type: monolithic
2021-01-02 14:02:08 UTC License Status: OK - User dagimi4527@cocyo.com of Metasploit Pro expires 2021-01-16 00:00:00 UTC (Authorized Users: 3)
2021-01-02 15:24:39 UTC Product Initialized
2021-01-02 15:24:39 UTC Loaded Product Key: VY47-5S97-GHJ8-87ER
2021-01-02 15:24:39 UTC Loaded SerialNo: 5ff06ce0-c9459110-f069af29
2021-01-02 15:24:39 UTC Product Version: 4.19.0
2021-01-02 15:24:39 UTC Product Revision: 2020120701
2021-01-02 15:24:39 UTC Footer Revision: 2020120701
2021-01-02 15:24:39 UTC Product Date: 2020-12-07
2021-01-02 15:24:39 UTC Version verified:
2021-01-02 15:24:39 UTC Product Original Version: 4.19.0
2021-01-02 15:24:39 UTC Install Type: monolithic
2021-01-02 15:24:39 UTC License Status: OK - User dagimi4527@cocyo.com of Metasploit Pro expires 2021-01-16 00:00:00 UTC (Authorized Users: 3)
2021-01-02 15:32:50 UTC Product Initialized
2021-01-02 15:32:50 UTC Loaded Product Key: VY47-5S97-GHJ8-87ER
2021-01-02 15:32:50 UTC Loaded SerialNo: 5ff06ce0-c9459110-f069af29
2021-01-02 15:32:50 UTC Product Version: 4.19.0
2021-01-02 15:32:50 UTC Product Revision: 2020120701
2021-01-02 15:32:50 UTC Footer Revision: 2020120701
2021-01-02 15:32:50 UTC Product Date: 2020-12-07
2021-01-02 15:32:50 UTC Version verified:
2021-01-02 15:32:50 UTC Product Original Version: 4.19.0
2021-01-02 15:32:50 UTC Install Type: monolithic
2021-01-02 15:32:50 UTC License Status: OK - User dagimi4527@cocyo.com of Metasploit Pro expires 2021-01-16 00:00:00 UTC (Authorized Users: 3)
2021-01-02 16:04:38 UTC Product Initialized
2021-01-02 16:04:38 UTC Loaded Product Key: VY47-5S97-GHJ8-87ER
2021-01-02 16:04:38 UTC Loaded SerialNo: 5ff06ce0-c9459110-f069af29
2021-01-02 16:04:38 UTC Product Version: 4.19.0
2021-01-02 16:04:38 UTC Product Revision: 2020120701
2021-01-02 16:04:38 UTC Footer Revision: 2020120701
2021-01-02 16:04:38 UTC Product Date: 2020-12-07
2021-01-02 16:04:38 UTC Version verified:
2021-01-02 16:04:38 UTC Product Original Version: 4.19.0
2021-01-02 16:04:38 UTC Install Type: monolithic
2021-01-02 16:04:38 UTC License Status: OK - User dagimi4527@cocyo.com of Metasploit Pro expires 2021-01-16 00:00:00 UTC (Authorized Users: 3)
2021-01-02 17:15:23 UTC Product Initialized
2021-01-02 17:15:23 UTC Loaded Product Key: VY47-5S97-GHJ8-87ER
2021-01-02 17:15:23 UTC Loaded SerialNo: 5ff06ce0-c9459110-f069af29
2021-01-02 17:15:23 UTC Product Version: 4.19.0
2021-01-02 17:15:23 UTC Product Revision: 2020120701
2021-01-02 17:15:23 UTC Footer Revision: 2020120701
2021-01-02 17:15:23 UTC Product Date: 2020-12-07
2021-01-02 17:15:23 UTC Version verified:
2021-01-02 17:15:23 UTC Product Original Version: 4.19.0
2021-01-02 17:15:23 UTC Install Type: monolithic
2021-01-02 17:15:23 UTC License Status: OK - User dagimi4527@cocyo.com of Metasploit Pro expires 2021-01-16 00:00:00 UTC (Authorized Users: 3)
2021-01-02 18:56:19 UTC Update Stopped
2021-01-02 18:56:21 UTC Activation: License Data is 2656 bytes
2021-01-02 18:56:21 UTC License Status: Activation OK - User dagimi4527@cocyo.com of Metasploit Pro expires 2021-01-16 00:00:00 UTC
2021-01-02 18:56:23 UTC Update Check: 2020120701
2021-01-03 13:41:43 UTC Product Initialized
2021-01-03 13:41:43 UTC Loaded Product Key: VY47-5S97-GHJ8-87ER
2021-01-03 13:41:43 UTC Loaded SerialNo: 5ff06ce0-c9459110-f069af29
2021-01-03 13:41:43 UTC Product Version: 4.19.0
2021-01-03 13:41:43 UTC Product Revision: 2020120701
2021-01-03 13:41:43 UTC Footer Revision: 2020120701
2021-01-03 13:41:43 UTC Product Date: 2020-12-07
2021-01-03 13:41:43 UTC Version verified:
2021-01-03 13:41:43 UTC Product Original Version: 4.19.0
2021-01-03 13:41:43 UTC Install Type: monolithic
2021-01-03 13:41:43 UTC License Status: OK - User dagimi4527@cocyo.com of Metasploit Pro expires 2021-01-16 00:00:00 UTC (Authorized Users: 3)
2021-01-03 13:41:45 UTC Update Stopped
2021-01-03 13:41:45 UTC Update Check: 2020120701
2021-01-03 14:48:39 UTC Product Initialized
2021-01-03 14:48:39 UTC Loaded Product Key: VY47-5S97-GHJ8-87ER
2021-01-03 14:48:39 UTC Loaded SerialNo: 5ff06ce0-c9459110-f069af29
2021-01-03 14:48:39 UTC Product Version: 4.19.0
2021-01-03 14:48:39 UTC Product Revision: 2020120701
2021-01-03 14:48:39 UTC Footer Revision: 2020120701
2021-01-03 14:48:39 UTC Product Date: 2020-12-07
2021-01-03 14:48:39 UTC Version verified:
2021-01-03 14:48:39 UTC Product Original Version: 4.19.0
2021-01-03 14:48:39 UTC Install Type: monolithic
2021-01-03 14:48:39 UTC License Status: OK - User dagimi4527@cocyo.com of Metasploit Pro expires 2021-01-16 00:00:00 UTC (Authorized Users: 3)
2021-01-03 15:38:00 UTC Product Initialized
2021-01-03 15:38:00 UTC Loaded Product Key: VY47-5S97-GHJ8-87ER
2021-01-03 15:38:00 UTC Loaded SerialNo: 5ff06ce0-c9459110-f069af29
2021-01-03 15:38:00 UTC Product Version: 4.19.0
2021-01-03 15:38:00 UTC Product Revision: 2020120701
2021-01-03 15:38:00 UTC Footer Revision: 2020120701
2021-01-03 15:38:00 UTC Product Date: 2020-12-07
2021-01-03 15:38:00 UTC Version verified:
2021-01-03 15:38:00 UTC Product Original Version: 4.19.0
2021-01-03 15:38:00 UTC Install Type: monolithic
2021-01-03 15:38:00 UTC License Status: OK - User dagimi4527@cocyo.com of Metasploit Pro expires 2021-01-16 00:00:00 UTC (Authorized Users: 3)
2021-01-03 19:41:51 UTC Update Stopped
2021-01-03 19:41:52 UTC Update Check: 2020120701
2021-01-04 12:02:20 UTC Product Initialized
2021-01-04 12:02:20 UTC Loaded Product Key: VY47-5S97-GHJ8-87ER
2021-01-04 12:02:20 UTC Loaded SerialNo: 5ff06ce0-c9459110-f069af29
2021-01-04 12:02:20 UTC Product Version: 4.19.0
2021-01-04 12:02:20 UTC Product Revision: 2020120701
2021-01-04 12:02:20 UTC Footer Revision: 2020120701
2021-01-04 12:02:20 UTC Product Date: 2020-12-07
2021-01-04 12:02:20 UTC Version verified:
2021-01-04 12:02:20 UTC Product Original Version: 4.19.0
2021-01-04 12:02:20 UTC Install Type: monolithic
2021-01-04 12:02:20 UTC License Status: OK - User dagimi4527@cocyo.com of Metasploit Pro expires 2021-01-16 00:00:00 UTC (Authorized Users: 3)
2021-01-04 12:02:22 UTC Update Stopped
2021-01-04 12:02:22 UTC Update Check: 2020120701
