[Mon Jan 04 00:00:05.177495 2021] [mpm_event:notice] [pid 1644:tid 139638656318528] AH00489: Apache/2.4.41 (Ubuntu) configured -- resuming normal operations
[Mon Jan 04 00:00:05.177506 2021] [core:notice] [pid 1644:tid 139638656318528] AH00094: Command line: '/usr/sbin/apache2'
[Mon Jan 04 12:35:25.028332 2021] [mpm_event:notice] [pid 1644:tid 139638656318528] AH00491: caught SIGTERM, shutting down
[Mon Jan 04 12:35:25.070403 2021] [mpm_event:notice] [pid 23567:tid 140437352496192] AH00489: Apache/2.4.41 (Ubuntu) configured -- resuming normal operations
[Mon Jan 04 12:35:25.070469 2021] [core:notice] [pid 23567:tid 140437352496192] AH00094: Command line: '/usr/sbin/apache2'
[Mon Jan 04 12:36:30.186029 2021] [mpm_event:notice] [pid 23567:tid 140437352496192] AH00491: caught SIGTERM, shutting down
[Mon Jan 04 12:36:30.217958 2021] [mpm_event:notice] [pid 23661:tid 139763404041280] AH00489: Apache/2.4.41 (Ubuntu) configured -- resuming normal operations
[Mon Jan 04 12:36:30.218037 2021] [core:notice] [pid 23661:tid 139763404041280] AH00094: Command line: '/usr/sbin/apache2'
[Mon Jan 04 12:39:12.000601 2021] [mpm_event:notice] [pid 23661:tid 139763404041280] AH00491: caught SIGTERM, shutting down
[Mon Jan 04 12:39:12.030937 2021] [mpm_event:notice] [pid 23774:tid 139685908724800] AH00489: Apache/2.4.41 (Ubuntu) configured -- resuming normal operations
[Mon Jan 04 12:39:12.030997 2021] [core:notice] [pid 23774:tid 139685908724800] AH00094: Command line: '/usr/sbin/apache2'
[Mon Jan 04 13:02:43.652170 2021] [mpm_event:notice] [pid 23774:tid 139685908724800] AH00491: caught SIGTERM, shutting down
[Mon Jan 04 13:05:25.566491 2021] [mpm_event:notice] [pid 997:tid 139687520713792] AH00489: Apache/2.4.41 (Ubuntu) configured -- resuming normal operations
[Mon Jan 04 13:05:25.567139 2021] [core:notice] [pid 997:tid 139687520713792] AH00094: Command line: '/usr/sbin/apache2'
[Mon Jan 04 22:16:39.851296 2021] [mpm_event:notice] [pid 997:tid 139687520713792] AH00491: caught SIGTERM, shutting down
[Mon Jan 04 22:19:43.426827 2021] [mpm_event:notice] [pid 950:tid 140566229695552] AH00489: Apache/2.4.41 (Ubuntu) configured -- resuming normal operations
[Mon Jan 04 22:19:43.427548 2021] [core:notice] [pid 950:tid 140566229695552] AH00094: Command line: '/usr/sbin/apache2'
[Tue Jan 05 10:16:21.977508 2021] [mpm_event:notice] [pid 975:tid 139816352001088] AH00489: Apache/2.4.41 (Ubuntu) configured -- resuming normal operations
[Tue Jan 05 10:16:21.978147 2021] [core:notice] [pid 975:tid 139816352001088] AH00094: Command line: '/usr/sbin/apache2'
[Tue Jan 05 12:16:00.781180 2021] [mpm_event:notice] [pid 975:tid 139816352001088] AH00491: caught SIGTERM, shutting down
[Tue Jan 05 12:16:00.816389 2021] [mpm_event:notice] [pid 2621:tid 140615039089728] AH00489: Apache/2.4.41 (Ubuntu) configured -- resuming normal operations
[Tue Jan 05 12:16:00.816484 2021] [core:notice] [pid 2621:tid 140615039089728] AH00094: Command line: '/usr/sbin/apache2'
